{"/Users/roie-schwaber-cohen/dev/aserto-node/lib/identityContext.ts": {"path":"/Users/roie-schwaber-cohen/dev/aserto-node/lib/identityContext.ts","statementMap":{"0":{"start":{"line":3,"column":0},"end":{"line":3,"column":107}},"1":{"start":{"line":6,"column":0},"end":{"line":6,"column":28}},"2":{"start":{"line":9,"column":19},"end":{"line":9,"column":40}},"3":{"start":{"line":11,"column":0},"end":{"line":58,"column":2}},"4":{"start":{"line":12,"column":56},"end":{"line":12,"column":63}},"5":{"start":{"line":15,"column":26},"end":{"line":15,"column":47}},"6":{"start":{"line":18,"column":2},"end":{"line":49,"column":null}},"7":{"start":{"line":19,"column":4},"end":{"line":39,"column":null}},"8":{"start":{"line":21,"column":20},"end":{"line":21,"column":57}},"9":{"start":{"line":22,"column":6},"end":{"line":22,"column":54}},"10":{"start":{"line":23,"column":6},"end":{"line":23,"column":33}},"11":{"start":{"line":28,"column":6},"end":{"line":32,"column":8}},"12":{"start":{"line":34,"column":6},"end":{"line":34,"column":33}},"13":{"start":{"line":37,"column":6},"end":{"line":37,"column":68}},"14":{"start":{"line":38,"column":6},"end":{"line":38,"column":33}},"15":{"start":{"line":41,"column":4},"end":{"line":48,"column":null}},"16":{"start":{"line":43,"column":6},"end":{"line":43,"column":43}},"17":{"start":{"line":44,"column":6},"end":{"line":44,"column":33}},"18":{"start":{"line":47,"column":6},"end":{"line":47,"column":33}},"19":{"start":{"line":52,"column":2},"end":{"line":55,"column":null}},"20":{"start":{"line":53,"column":4},"end":{"line":53,"column":42}},"21":{"start":{"line":54,"column":4},"end":{"line":54,"column":31}},"22":{"start":{"line":57,"column":2},"end":{"line":57,"column":25}}},"fnMap":{"0":{"name":"(anonymous_0)","decl":{"start":{"line":11,"column":15},"end":{"line":11,"column":16}},"loc":{"start":{"line":11,"column":73},"end":{"line":58,"column":1}}}},"branchMap":{"0":{"loc":{"start":{"line":18,"column":2},"end":{"line":49,"column":null}},"type":"if","locations":[{"start":{"line":18,"column":2},"end":{"line":49,"column":null}},{"start":{"line":40,"column":9},"end":{"line":49,"column":null}}]},"1":{"loc":{"start":{"line":22,"column":34},"end":{"line":22,"column":52}},"type":"binary-expr","locations":[{"start":{"line":22,"column":34},"end":{"line":22,"column":39}},{"start":{"line":22,"column":43},"end":{"line":22,"column":52}}]},"2":{"loc":{"start":{"line":29,"column":8},"end":{"line":31,"column":14}},"type":"cond-expr","locations":[{"start":{"line":30,"column":12},"end":{"line":30,"column":60}},{"start":{"line":31,"column":12},"end":{"line":31,"column":14}}]},"3":{"loc":{"start":{"line":41,"column":4},"end":{"line":48,"column":null}},"type":"if","locations":[{"start":{"line":41,"column":4},"end":{"line":48,"column":null}},{"start":{"line":45,"column":11},"end":{"line":48,"column":null}}]},"4":{"loc":{"start":{"line":52,"column":2},"end":{"line":55,"column":null}},"type":"if","locations":[{"start":{"line":52,"column":2},"end":{"line":55,"column":null}}]}},"s":{"0":2,"1":2,"2":2,"3":2,"4":3,"5":3,"6":3,"7":3,"8":3,"9":3,"10":3,"11":3,"12":3,"13":0,"14":0,"15":0,"16":0,"17":0,"18":0,"19":3,"20":0,"21":0,"22":3},"f":{"0":3},"b":{"0":[3,0],"1":[3,3],"2":[3,0],"3":[0,0],"4":[0]}}
,"/Users/roie-schwaber-cohen/dev/aserto-node/lib/is.ts": {"path":"/Users/roie-schwaber-cohen/dev/aserto-node/lib/is.ts","statementMap":{"0":{"start":{"line":2,"column":0},"end":{"line":2,"column":null}},"1":{"start":{"line":6,"column":0},"end":{"line":6,"column":103}},"2":{"start":{"line":7,"column":0},"end":{"line":7,"column":103}},"3":{"start":{"line":8,"column":0},"end":{"line":8,"column":null}},"4":{"start":{"line":12,"column":0},"end":{"line":12,"column":55}},"5":{"start":{"line":14,"column":0},"end":{"line":14,"column":48}},"6":{"start":{"line":16,"column":0},"end":{"line":16,"column":28}},"7":{"start":{"line":17,"column":0},"end":{"line":17,"column":46}},"8":{"start":{"line":18,"column":0},"end":{"line":18,"column":44}},"9":{"start":{"line":20,"column":11},"end":{"line":102,"column":1}},"10":{"start":{"line":27,"column":2},"end":{"line":101,"column":5}},"11":{"start":{"line":28,"column":4},"end":{"line":100,"column":null}},"12":{"start":{"line":29,"column":22},"end":{"line":29,"column":55}},"13":{"start":{"line":30,"column":6},"end":{"line":32,"column":null}},"14":{"start":{"line":31,"column":8},"end":{"line":31,"column":21}},"15":{"start":{"line":34,"column":6},"end":{"line":36,"column":null}},"16":{"start":{"line":35,"column":8},"end":{"line":35,"column":21}},"17":{"start":{"line":45,"column":10},"end":{"line":45,"column":17}},"18":{"start":{"line":48,"column":42},"end":{"line":52,"column":null}},"19":{"start":{"line":55,"column":23},"end":{"line":55,"column":37}},"20":{"start":{"line":56,"column":6},"end":{"line":57,"column":67}},"21":{"start":{"line":58,"column":6},"end":{"line":58,"column":61}},"22":{"start":{"line":60,"column":21},"end":{"line":60,"column":72}},"23":{"start":{"line":62,"column":28},"end":{"line":62,"column":47}},"24":{"start":{"line":63,"column":6},"end":{"line":63,"column":36}},"25":{"start":{"line":64,"column":6},"end":{"line":64,"column":54}},"26":{"start":{"line":65,"column":6},"end":{"line":65,"column":49}},"27":{"start":{"line":67,"column":24},"end":{"line":67,"column":39}},"28":{"start":{"line":68,"column":6},"end":{"line":68,"column":48}},"29":{"start":{"line":70,"column":24},"end":{"line":70,"column":68}},"30":{"start":{"line":71,"column":6},"end":{"line":71,"column":46}},"31":{"start":{"line":73,"column":21},"end":{"line":73,"column":74}},"32":{"start":{"line":74,"column":6},"end":{"line":74,"column":66}},"33":{"start":{"line":76,"column":6},"end":{"line":96,"column":8}},"34":{"start":{"line":80,"column":10},"end":{"line":84,"column":null}},"35":{"start":{"line":81,"column":28},"end":{"line":81,"column":39}},"36":{"start":{"line":82,"column":12},"end":{"line":82,"column":60}},"37":{"start":{"line":83,"column":12},"end":{"line":83,"column":26}},"38":{"start":{"line":86,"column":10},"end":{"line":89,"column":null}},"39":{"start":{"line":87,"column":12},"end":{"line":87,"column":61}},"40":{"start":{"line":88,"column":12},"end":{"line":88,"column":27}},"41":{"start":{"line":91,"column":25},"end":{"line":91,"column":52}},"42":{"start":{"line":92,"column":26},"end":{"line":92,"column":72}},"43":{"start":{"line":94,"column":10},"end":{"line":94,"column":27}},"44":{"start":{"line":98,"column":6},"end":{"line":98,"column":47}},"45":{"start":{"line":99,"column":6},"end":{"line":99,"column":16}},"46":{"start":{"line":104,"column":9},"end":{"line":104,"column":11}}},"fnMap":{"0":{"name":"(anonymous_1)","decl":{"start":{"line":20,"column":11},"end":{"line":20,"column":null}},"loc":{"start":{"line":26,"column":4},"end":{"line":102,"column":1}}},"1":{"name":"(anonymous_2)","decl":{"start":{"line":27,"column":21},"end":{"line":27,"column":22}},"loc":{"start":{"line":27,"column":41},"end":{"line":101,"column":3}}},"2":{"name":"(anonymous_3)","decl":{"start":{"line":79,"column":8},"end":{"line":79,"column":9}},"loc":{"start":{"line":79,"column":52},"end":{"line":95,"column":9}}}},"branchMap":{"0":{"loc":{"start":{"line":30,"column":6},"end":{"line":32,"column":null}},"type":"if","locations":[{"start":{"line":30,"column":6},"end":{"line":32,"column":null}}]},"1":{"loc":{"start":{"line":34,"column":6},"end":{"line":36,"column":null}},"type":"if","locations":[{"start":{"line":34,"column":6},"end":{"line":36,"column":null}}]},"2":{"loc":{"start":{"line":56,"column":6},"end":{"line":57,"column":66}},"type":"binary-expr","locations":[{"start":{"line":56,"column":6},"end":{"line":56,"column":22}},{"start":{"line":57,"column":8},"end":{"line":57,"column":66}}]},"3":{"loc":{"start":{"line":58,"column":6},"end":{"line":58,"column":60}},"type":"binary-expr","locations":[{"start":{"line":58,"column":6},"end":{"line":58,"column":14}},{"start":{"line":58,"column":18},"end":{"line":58,"column":60}}]},"4":{"loc":{"start":{"line":64,"column":6},"end":{"line":64,"column":53}},"type":"binary-expr","locations":[{"start":{"line":64,"column":6},"end":{"line":64,"column":16}},{"start":{"line":64,"column":20},"end":{"line":64,"column":53}}]},"5":{"loc":{"start":{"line":80,"column":10},"end":{"line":84,"column":null}},"type":"if","locations":[{"start":{"line":80,"column":10},"end":{"line":84,"column":null}}]},"6":{"loc":{"start":{"line":86,"column":10},"end":{"line":89,"column":null}},"type":"if","locations":[{"start":{"line":86,"column":10},"end":{"line":89,"column":null}}]},"7":{"loc":{"start":{"line":92,"column":26},"end":{"line":92,"column":72}},"type":"binary-expr","locations":[{"start":{"line":92,"column":26},"end":{"line":92,"column":32}},{"start":{"line":92,"column":36},"end":{"line":92,"column":49}},{"start":{"line":92,"column":53},"end":{"line":92,"column":71}}]},"8":{"loc":{"start":{"line":92,"column":53},"end":{"line":92,"column":71}},"type":"cond-expr","locations":[{"start":{"line":92,"column":62},"end":{"line":92,"column":64}},{"start":{"line":92,"column":62},"end":{"line":92,"column":71}}]},"9":{"loc":{"start":{"line":92,"column":53},"end":{"line":92,"column":64}},"type":"binary-expr","locations":[{"start":{"line":92,"column":53},"end":{"line":92,"column":64}},{"start":{"line":92,"column":62},"end":{"line":92,"column":64}}]}},"s":{"0":1,"1":1,"2":1,"3":1,"4":1,"5":1,"6":1,"7":1,"8":1,"9":1,"10":2,"11":2,"12":2,"13":2,"14":0,"15":2,"16":0,"17":2,"18":2,"19":2,"20":2,"21":2,"22":2,"23":2,"24":2,"25":2,"26":2,"27":2,"28":2,"29":2,"30":2,"31":2,"32":2,"33":2,"34":2,"35":0,"36":0,"37":0,"38":2,"39":0,"40":0,"41":2,"42":2,"43":2,"44":0,"45":0,"46":1},"f":{"0":2,"1":2,"2":2},"b":{"0":[0],"1":[0],"2":[2,0],"3":[2,0],"4":[2,0],"5":[0],"6":[0],"7":[2,2,2],"8":[0,2],"9":[2,2]}}
,"/Users/roie-schwaber-cohen/dev/aserto-node/lib/jwtAuthz.ts": {"path":"/Users/roie-schwaber-cohen/dev/aserto-node/lib/jwtAuthz.ts","statementMap":{"0":{"start":{"line":2,"column":0},"end":{"line":2,"column":null}},"1":{"start":{"line":6,"column":0},"end":{"line":6,"column":103}},"2":{"start":{"line":7,"column":0},"end":{"line":7,"column":103}},"3":{"start":{"line":8,"column":0},"end":{"line":8,"column":null}},"4":{"start":{"line":12,"column":0},"end":{"line":12,"column":55}},"5":{"start":{"line":14,"column":0},"end":{"line":14,"column":48}},"6":{"start":{"line":16,"column":0},"end":{"line":16,"column":28}},"7":{"start":{"line":17,"column":0},"end":{"line":17,"column":46}},"8":{"start":{"line":18,"column":0},"end":{"line":18,"column":44}},"9":{"start":{"line":20,"column":17},"end":{"line":134,"column":1}},"10":{"start":{"line":25,"column":2},"end":{"line":133,"column":4}},"11":{"start":{"line":25,"column":67},"end":{"line":133,"column":4}},"12":{"start":{"line":26,"column":20},"end":{"line":26,"column":64}},"13":{"start":{"line":27,"column":4},"end":{"line":29,"column":null}},"14":{"start":{"line":28,"column":6},"end":{"line":28,"column":13}},"15":{"start":{"line":30,"column":4},"end":{"line":32,"column":null}},"16":{"start":{"line":31,"column":6},"end":{"line":31,"column":21}},"17":{"start":{"line":42,"column":8},"end":{"line":42,"column":15}},"18":{"start":{"line":45,"column":40},"end":{"line":49,"column":null}},"19":{"start":{"line":52,"column":18},"end":{"line":70,"column":5}},"20":{"start":{"line":56,"column":6},"end":{"line":62,"column":null}},"21":{"start":{"line":57,"column":8},"end":{"line":61,"column":11}},"22":{"start":{"line":63,"column":6},"end":{"line":63,"column":32}},"23":{"start":{"line":65,"column":6},"end":{"line":68,"column":8}},"24":{"start":{"line":69,"column":6},"end":{"line":69,"column":40}},"25":{"start":{"line":72,"column":27},"end":{"line":127,"column":6}},"26":{"start":{"line":72,"column":38},"end":{"line":127,"column":6}},"27":{"start":{"line":73,"column":6},"end":{"line":126,"column":9}},"28":{"start":{"line":74,"column":8},"end":{"line":125,"column":null}},"29":{"start":{"line":75,"column":27},"end":{"line":75,"column":41}},"30":{"start":{"line":76,"column":10},"end":{"line":77,"column":71}},"31":{"start":{"line":78,"column":10},"end":{"line":78,"column":65}},"32":{"start":{"line":80,"column":25},"end":{"line":80,"column":76}},"33":{"start":{"line":81,"column":28},"end":{"line":81,"column":43}},"34":{"start":{"line":82,"column":32},"end":{"line":82,"column":51}},"35":{"start":{"line":84,"column":10},"end":{"line":84,"column":40}},"36":{"start":{"line":85,"column":10},"end":{"line":85,"column":58}},"37":{"start":{"line":86,"column":10},"end":{"line":86,"column":54}},"38":{"start":{"line":88,"column":28},"end":{"line":88,"column":72}},"39":{"start":{"line":90,"column":10},"end":{"line":90,"column":52}},"40":{"start":{"line":91,"column":10},"end":{"line":91,"column":50}},"41":{"start":{"line":93,"column":25},"end":{"line":93,"column":78}},"42":{"start":{"line":94,"column":10},"end":{"line":94,"column":70}},"43":{"start":{"line":96,"column":10},"end":{"line":119,"column":12}},"44":{"start":{"line":100,"column":14},"end":{"line":104,"column":null}},"45":{"start":{"line":101,"column":32},"end":{"line":101,"column":43}},"46":{"start":{"line":102,"column":16},"end":{"line":102,"column":64}},"47":{"start":{"line":103,"column":16},"end":{"line":103,"column":29}},"48":{"start":{"line":106,"column":14},"end":{"line":109,"column":null}},"49":{"start":{"line":107,"column":16},"end":{"line":107,"column":65}},"50":{"start":{"line":108,"column":16},"end":{"line":108,"column":30}},"51":{"start":{"line":111,"column":29},"end":{"line":111,"column":48}},"52":{"start":{"line":113,"column":16},"end":{"line":115,"column":44}},"53":{"start":{"line":117,"column":14},"end":{"line":117,"column":31}},"54":{"start":{"line":121,"column":10},"end":{"line":121,"column":59}},"55":{"start":{"line":124,"column":10},"end":{"line":124,"column":22}},"56":{"start":{"line":129,"column":20},"end":{"line":129,"column":42}},"57":{"start":{"line":130,"column":4},"end":{"line":132,"column":null}},"58":{"start":{"line":131,"column":6},"end":{"line":131,"column":76}},"59":{"start":{"line":136,"column":9},"end":{"line":136,"column":17}}},"fnMap":{"0":{"name":"(anonymous_8)","decl":{"start":{"line":20,"column":17},"end":{"line":20,"column":null}},"loc":{"start":{"line":24,"column":4},"end":{"line":134,"column":1}}},"1":{"name":"(anonymous_9)","decl":{"start":{"line":25,"column":9},"end":{"line":25,"column":16}},"loc":{"start":{"line":25,"column":67},"end":{"line":133,"column":4}}},"2":{"name":"(anonymous_10)","decl":{"start":{"line":25,"column":67},"end":{"line":25,"column":null}},"loc":{"start":{"line":25,"column":67},"end":{"line":133,"column":3}}},"3":{"name":"(anonymous_11)","decl":{"start":{"line":52,"column":18},"end":{"line":52,"column":null}},"loc":{"start":{"line":55,"column":8},"end":{"line":70,"column":5}}},"4":{"name":"(anonymous_12)","decl":{"start":{"line":72,"column":27},"end":{"line":72,"column":36}},"loc":{"start":{"line":72,"column":38},"end":{"line":127,"column":6}}},"5":{"name":"(anonymous_13)","decl":{"start":{"line":72,"column":38},"end":{"line":72,"column":null}},"loc":{"start":{"line":72,"column":38},"end":{"line":127,"column":5}}},"6":{"name":"(anonymous_14)","decl":{"start":{"line":73,"column":25},"end":{"line":73,"column":26}},"loc":{"start":{"line":73,"column":45},"end":{"line":126,"column":7}}},"7":{"name":"(anonymous_15)","decl":{"start":{"line":99,"column":12},"end":{"line":99,"column":13}},"loc":{"start":{"line":99,"column":56},"end":{"line":118,"column":13}}}},"branchMap":{"0":{"loc":{"start":{"line":27,"column":4},"end":{"line":29,"column":null}},"type":"if","locations":[{"start":{"line":27,"column":4},"end":{"line":29,"column":null}}]},"1":{"loc":{"start":{"line":30,"column":4},"end":{"line":32,"column":null}},"type":"if","locations":[{"start":{"line":30,"column":4},"end":{"line":32,"column":null}}]},"2":{"loc":{"start":{"line":54,"column":6},"end":{"line":54,"column":55}},"type":"default-arg","locations":[{"start":{"line":54,"column":20},"end":{"line":54,"column":55}}]},"3":{"loc":{"start":{"line":56,"column":6},"end":{"line":62,"column":null}},"type":"if","locations":[{"start":{"line":56,"column":6},"end":{"line":62,"column":null}}]},"4":{"loc":{"start":{"line":76,"column":10},"end":{"line":77,"column":70}},"type":"binary-expr","locations":[{"start":{"line":76,"column":10},"end":{"line":76,"column":26}},{"start":{"line":77,"column":12},"end":{"line":77,"column":70}}]},"5":{"loc":{"start":{"line":78,"column":10},"end":{"line":78,"column":64}},"type":"binary-expr","locations":[{"start":{"line":78,"column":10},"end":{"line":78,"column":18}},{"start":{"line":78,"column":22},"end":{"line":78,"column":64}}]},"6":{"loc":{"start":{"line":85,"column":10},"end":{"line":85,"column":57}},"type":"binary-expr","locations":[{"start":{"line":85,"column":10},"end":{"line":85,"column":20}},{"start":{"line":85,"column":24},"end":{"line":85,"column":57}}]},"7":{"loc":{"start":{"line":100,"column":14},"end":{"line":104,"column":null}},"type":"if","locations":[{"start":{"line":100,"column":14},"end":{"line":104,"column":null}}]},"8":{"loc":{"start":{"line":106,"column":14},"end":{"line":109,"column":null}},"type":"if","locations":[{"start":{"line":106,"column":14},"end":{"line":109,"column":null}}]},"9":{"loc":{"start":{"line":113,"column":16},"end":{"line":115,"column":44}},"type":"binary-expr","locations":[{"start":{"line":113,"column":16},"end":{"line":113,"column":36}},{"start":{"line":114,"column":16},"end":{"line":114,"column":43}},{"start":{"line":115,"column":16},"end":{"line":115,"column":43}}]},"10":{"loc":{"start":{"line":115,"column":16},"end":{"line":115,"column":43}},"type":"cond-expr","locations":[{"start":{"line":115,"column":39},"end":{"line":115,"column":41}},{"start":{"line":115,"column":39},"end":{"line":115,"column":43}}]},"11":{"loc":{"start":{"line":115,"column":16},"end":{"line":115,"column":41}},"type":"binary-expr","locations":[{"start":{"line":115,"column":16},"end":{"line":115,"column":41}},{"start":{"line":115,"column":39},"end":{"line":115,"column":41}}]},"12":{"loc":{"start":{"line":130,"column":4},"end":{"line":132,"column":null}},"type":"if","locations":[{"start":{"line":130,"column":4},"end":{"line":132,"column":null}}]},"13":{"loc":{"start":{"line":131,"column":13},"end":{"line":131,"column":75}},"type":"cond-expr","locations":[{"start":{"line":131,"column":23},"end":{"line":131,"column":29}},{"start":{"line":131,"column":32},"end":{"line":131,"column":75}}]}},"s":{"0":1,"1":1,"2":1,"3":1,"4":1,"5":1,"6":1,"7":1,"8":1,"9":1,"10":1,"11":1,"12":1,"13":1,"14":0,"15":1,"16":0,"17":1,"18":1,"19":1,"20":0,"21":0,"22":0,"23":0,"24":0,"25":1,"26":1,"27":1,"28":1,"29":1,"30":1,"31":1,"32":1,"33":1,"34":1,"35":1,"36":1,"37":1,"38":1,"39":1,"40":1,"41":1,"42":1,"43":1,"44":1,"45":0,"46":0,"47":0,"48":1,"49":0,"50":0,"51":1,"52":1,"53":1,"54":0,"55":0,"56":1,"57":1,"58":1,"59":1},"f":{"0":1,"1":1,"2":1,"3":0,"4":1,"5":1,"6":1,"7":1},"b":{"0":[0],"1":[0],"2":[0],"3":[0],"4":[1,0],"5":[1,0],"6":[1,1],"7":[0],"8":[0],"9":[1,1,1],"10":[0,1],"11":[1,1],"12":[1],"13":[1,0]}}
,"/Users/roie-schwaber-cohen/dev/aserto-node/lib/log.ts": {"path":"/Users/roie-schwaber-cohen/dev/aserto-node/lib/log.ts","statementMap":{"0":{"start":{"line":1,"column":21},"end":{"line":1,"column":52}},"1":{"start":{"line":3,"column":18},"end":{"line":7,"column":2}},"2":{"start":{"line":9,"column":12},"end":{"line":21,"column":1}},"3":{"start":{"line":10,"column":20},"end":{"line":10,"column":44}},"4":{"start":{"line":11,"column":2},"end":{"line":20,"column":null}},"5":{"start":{"line":13,"column":4},"end":{"line":13,"column":55}},"6":{"start":{"line":17,"column":9},"end":{"line":20,"column":null}},"7":{"start":{"line":19,"column":4},"end":{"line":19,"column":73}},"8":{"start":{"line":23,"column":9},"end":{"line":23,"column":12}}},"fnMap":{"0":{"name":"(anonymous_0)","decl":{"start":{"line":9,"column":12},"end":{"line":9,"column":13}},"loc":{"start":{"line":9,"column":48},"end":{"line":21,"column":1}}}},"branchMap":{"0":{"loc":{"start":{"line":1,"column":21},"end":{"line":1,"column":52}},"type":"binary-expr","locations":[{"start":{"line":1,"column":21},"end":{"line":1,"column":42}},{"start":{"line":1,"column":46},"end":{"line":1,"column":52}}]},"1":{"loc":{"start":{"line":9,"column":30},"end":{"line":9,"column":44}},"type":"default-arg","locations":[{"start":{"line":9,"column":38},"end":{"line":9,"column":44}}]},"2":{"loc":{"start":{"line":11,"column":2},"end":{"line":20,"column":null}},"type":"if","locations":[{"start":{"line":11,"column":2},"end":{"line":20,"column":null}},{"start":{"line":17,"column":9},"end":{"line":20,"column":null}}]},"3":{"loc":{"start":{"line":17,"column":9},"end":{"line":20,"column":null}},"type":"if","locations":[{"start":{"line":17,"column":9},"end":{"line":20,"column":null}}]}},"s":{"0":2,"1":2,"2":2,"3":2,"4":2,"5":0,"6":2,"7":2,"8":2},"f":{"0":2},"b":{"0":[2,2],"1":[2],"2":[0,2],"3":[2]}}
,"/Users/roie-schwaber-cohen/dev/aserto-node/lib/processOptions.ts": {"path":"/Users/roie-schwaber-cohen/dev/aserto-node/lib/processOptions.ts","statementMap":{"0":{"start":{"line":3,"column":0},"end":{"line":3,"column":44}},"1":{"start":{"line":7,"column":0},"end":{"line":7,"column":28}},"2":{"start":{"line":8,"column":0},"end":{"line":8,"column":42}},"3":{"start":{"line":10,"column":0},"end":{"line":174,"column":2}},"4":{"start":{"line":16,"column":16},"end":{"line":29,"column":3}},"5":{"start":{"line":20,"column":4},"end":{"line":26,"column":null}},"6":{"start":{"line":21,"column":6},"end":{"line":25,"column":9}},"7":{"start":{"line":27,"column":4},"end":{"line":27,"column":30}},"8":{"start":{"line":28,"column":4},"end":{"line":28,"column":38}},"9":{"start":{"line":33,"column":4},"end":{"line":35,"column":32}},"10":{"start":{"line":36,"column":2},"end":{"line":38,"column":null}},"11":{"start":{"line":37,"column":4},"end":{"line":37,"column":73}},"12":{"start":{"line":39,"column":24},"end":{"line":39,"column":49}},"13":{"start":{"line":42,"column":25},"end":{"line":42,"column":29}},"14":{"start":{"line":43,"column":2},"end":{"line":49,"column":null}},"15":{"start":{"line":48,"column":4},"end":{"line":48,"column":48}},"16":{"start":{"line":52,"column":17},"end":{"line":52,"column":21}},"17":{"start":{"line":53,"column":2},"end":{"line":55,"column":null}},"18":{"start":{"line":54,"column":4},"end":{"line":54,"column":32}},"19":{"start":{"line":58,"column":29},"end":{"line":58,"column":34}},"20":{"start":{"line":59,"column":2},"end":{"line":65,"column":null}},"21":{"start":{"line":64,"column":4},"end":{"line":64,"column":56}},"22":{"start":{"line":69,"column":37},"end":{"line":69,"column":39}},"23":{"start":{"line":70,"column":2},"end":{"line":76,"column":null}},"24":{"start":{"line":75,"column":4},"end":{"line":75,"column":56}},"25":{"start":{"line":79,"column":2},"end":{"line":84,"column":null}},"26":{"start":{"line":80,"column":4},"end":{"line":80,"column":61}},"27":{"start":{"line":82,"column":4},"end":{"line":82,"column":50}},"28":{"start":{"line":83,"column":4},"end":{"line":83,"column":31}},"29":{"start":{"line":88,"column":4},"end":{"line":88,"column":75}},"30":{"start":{"line":89,"column":2},"end":{"line":91,"column":null}},"31":{"start":{"line":90,"column":4},"end":{"line":90,"column":63}},"32":{"start":{"line":95,"column":4},"end":{"line":95,"column":75}},"33":{"start":{"line":97,"column":2},"end":{"line":99,"column":null}},"34":{"start":{"line":98,"column":4},"end":{"line":98,"column":63}},"35":{"start":{"line":102,"column":23},"end":{"line":102,"column":33}},"36":{"start":{"line":103,"column":2},"end":{"line":109,"column":null}},"37":{"start":{"line":108,"column":4},"end":{"line":108,"column":44}},"38":{"start":{"line":112,"column":19},"end":{"line":112,"column":46}},"39":{"start":{"line":115,"column":31},"end":{"line":115,"column":35}},"40":{"start":{"line":116,"column":2},"end":{"line":122,"column":null}},"41":{"start":{"line":121,"column":4},"end":{"line":121,"column":60}},"42":{"start":{"line":125,"column":22},"end":{"line":125,"column":27}},"43":{"start":{"line":126,"column":2},"end":{"line":132,"column":null}},"44":{"start":{"line":131,"column":4},"end":{"line":131,"column":42}},"45":{"start":{"line":135,"column":16},"end":{"line":135,"column":22}},"46":{"start":{"line":136,"column":2},"end":{"line":142,"column":null}},"47":{"start":{"line":141,"column":4},"end":{"line":141,"column":36}},"48":{"start":{"line":145,"column":19},"end":{"line":145,"column":24}},"49":{"start":{"line":146,"column":2},"end":{"line":152,"column":null}},"50":{"start":{"line":151,"column":4},"end":{"line":151,"column":42}},"51":{"start":{"line":157,"column":18},"end":{"line":157,"column":58}},"52":{"start":{"line":159,"column":2},"end":{"line":173,"column":4}}},"fnMap":{"0":{"name":"(anonymous_0)","decl":{"start":{"line":10,"column":15},"end":{"line":10,"column":null}},"loc":{"start":{"line":15,"column":4},"end":{"line":174,"column":1}}},"1":{"name":"(anonymous_1)","decl":{"start":{"line":16,"column":16},"end":{"line":16,"column":null}},"loc":{"start":{"line":19,"column":6},"end":{"line":29,"column":3}}}},"branchMap":{"0":{"loc":{"start":{"line":18,"column":4},"end":{"line":18,"column":53}},"type":"default-arg","locations":[{"start":{"line":18,"column":18},"end":{"line":18,"column":53}}]},"1":{"loc":{"start":{"line":20,"column":4},"end":{"line":26,"column":null}},"type":"if","locations":[{"start":{"line":20,"column":4},"end":{"line":26,"column":null}}]},"2":{"loc":{"start":{"line":20,"column":8},"end":{"line":20,"column":48}},"type":"binary-expr","locations":[{"start":{"line":20,"column":8},"end":{"line":20,"column":15}},{"start":{"line":20,"column":19},"end":{"line":20,"column":40}},{"start":{"line":20,"column":44},"end":{"line":20,"column":48}}]},"3":{"loc":{"start":{"line":33,"column":4},"end":{"line":35,"column":32}},"type":"binary-expr","locations":[{"start":{"line":33,"column":4},"end":{"line":33,"column":11}},{"start":{"line":34,"column":4},"end":{"line":34,"column":52}},{"start":{"line":35,"column":4},"end":{"line":35,"column":32}}]},"4":{"loc":{"start":{"line":36,"column":2},"end":{"line":38,"column":null}},"type":"if","locations":[{"start":{"line":36,"column":2},"end":{"line":38,"column":null}}]},"5":{"loc":{"start":{"line":36,"column":6},"end":{"line":36,"column":34}},"type":"binary-expr","locations":[{"start":{"line":36,"column":6},"end":{"line":36,"column":27}},{"start":{"line":36,"column":31},"end":{"line":36,"column":34}}]},"6":{"loc":{"start":{"line":43,"column":2},"end":{"line":49,"column":null}},"type":"if","locations":[{"start":{"line":43,"column":2},"end":{"line":49,"column":null}}]},"7":{"loc":{"start":{"line":44,"column":4},"end":{"line":46,"column":28}},"type":"binary-expr","locations":[{"start":{"line":44,"column":4},"end":{"line":44,"column":11}},{"start":{"line":45,"column":4},"end":{"line":45,"column":48}},{"start":{"line":46,"column":4},"end":{"line":46,"column":28}}]},"8":{"loc":{"start":{"line":53,"column":2},"end":{"line":55,"column":null}},"type":"if","locations":[{"start":{"line":53,"column":2},"end":{"line":55,"column":null}}]},"9":{"loc":{"start":{"line":53,"column":6},"end":{"line":53,"column":73}},"type":"binary-expr","locations":[{"start":{"line":53,"column":6},"end":{"line":53,"column":13}},{"start":{"line":53,"column":17},"end":{"line":53,"column":53}},{"start":{"line":53,"column":57},"end":{"line":53,"column":73}}]},"10":{"loc":{"start":{"line":59,"column":2},"end":{"line":65,"column":null}},"type":"if","locations":[{"start":{"line":59,"column":2},"end":{"line":65,"column":null}}]},"11":{"loc":{"start":{"line":60,"column":4},"end":{"line":62,"column":53}},"type":"binary-expr","locations":[{"start":{"line":60,"column":4},"end":{"line":60,"column":11}},{"start":{"line":61,"column":4},"end":{"line":61,"column":41}},{"start":{"line":62,"column":4},"end":{"line":62,"column":53}}]},"12":{"loc":{"start":{"line":70,"column":2},"end":{"line":76,"column":null}},"type":"if","locations":[{"start":{"line":70,"column":2},"end":{"line":76,"column":null}}]},"13":{"loc":{"start":{"line":71,"column":4},"end":{"line":73,"column":32}},"type":"binary-expr","locations":[{"start":{"line":71,"column":4},"end":{"line":71,"column":11}},{"start":{"line":72,"column":4},"end":{"line":72,"column":52}},{"start":{"line":73,"column":4},"end":{"line":73,"column":32}}]},"14":{"loc":{"start":{"line":79,"column":2},"end":{"line":84,"column":null}},"type":"if","locations":[{"start":{"line":79,"column":2},"end":{"line":84,"column":null}},{"start":{"line":81,"column":9},"end":{"line":84,"column":null}}]},"15":{"loc":{"start":{"line":79,"column":6},"end":{"line":79,"column":51}},"type":"binary-expr","locations":[{"start":{"line":79,"column":6},"end":{"line":79,"column":27}},{"start":{"line":79,"column":31},"end":{"line":79,"column":51}}]},"16":{"loc":{"start":{"line":88,"column":4},"end":{"line":88,"column":75}},"type":"binary-expr","locations":[{"start":{"line":88,"column":4},"end":{"line":88,"column":11}},{"start":{"line":88,"column":15},"end":{"line":88,"column":53}},{"start":{"line":88,"column":57},"end":{"line":88,"column":75}}]},"17":{"loc":{"start":{"line":89,"column":2},"end":{"line":91,"column":null}},"type":"if","locations":[{"start":{"line":89,"column":2},"end":{"line":91,"column":null}}]},"18":{"loc":{"start":{"line":89,"column":6},"end":{"line":89,"column":24}},"type":"binary-expr","locations":[{"start":{"line":89,"column":6},"end":{"line":89,"column":17}},{"start":{"line":89,"column":21},"end":{"line":89,"column":24}}]},"19":{"loc":{"start":{"line":95,"column":4},"end":{"line":95,"column":75}},"type":"binary-expr","locations":[{"start":{"line":95,"column":4},"end":{"line":95,"column":11}},{"start":{"line":95,"column":15},"end":{"line":95,"column":53}},{"start":{"line":95,"column":57},"end":{"line":95,"column":75}}]},"20":{"loc":{"start":{"line":97,"column":2},"end":{"line":99,"column":null}},"type":"if","locations":[{"start":{"line":97,"column":2},"end":{"line":99,"column":null}}]},"21":{"loc":{"start":{"line":97,"column":6},"end":{"line":97,"column":24}},"type":"binary-expr","locations":[{"start":{"line":97,"column":6},"end":{"line":97,"column":17}},{"start":{"line":97,"column":21},"end":{"line":97,"column":24}}]},"22":{"loc":{"start":{"line":103,"column":2},"end":{"line":109,"column":null}},"type":"if","locations":[{"start":{"line":103,"column":2},"end":{"line":109,"column":null}}]},"23":{"loc":{"start":{"line":104,"column":4},"end":{"line":106,"column":46}},"type":"binary-expr","locations":[{"start":{"line":104,"column":4},"end":{"line":104,"column":11}},{"start":{"line":105,"column":4},"end":{"line":105,"column":35}},{"start":{"line":106,"column":4},"end":{"line":106,"column":46}}]},"24":{"loc":{"start":{"line":116,"column":2},"end":{"line":122,"column":null}},"type":"if","locations":[{"start":{"line":116,"column":2},"end":{"line":122,"column":null}}]},"25":{"loc":{"start":{"line":117,"column":4},"end":{"line":119,"column":55}},"type":"binary-expr","locations":[{"start":{"line":117,"column":4},"end":{"line":117,"column":11}},{"start":{"line":118,"column":4},"end":{"line":118,"column":43}},{"start":{"line":119,"column":4},"end":{"line":119,"column":55}}]},"26":{"loc":{"start":{"line":126,"column":2},"end":{"line":132,"column":null}},"type":"if","locations":[{"start":{"line":126,"column":2},"end":{"line":132,"column":null}}]},"27":{"loc":{"start":{"line":127,"column":4},"end":{"line":129,"column":46}},"type":"binary-expr","locations":[{"start":{"line":127,"column":4},"end":{"line":127,"column":11}},{"start":{"line":128,"column":4},"end":{"line":128,"column":34}},{"start":{"line":129,"column":4},"end":{"line":129,"column":46}}]},"28":{"loc":{"start":{"line":136,"column":2},"end":{"line":142,"column":null}},"type":"if","locations":[{"start":{"line":136,"column":2},"end":{"line":142,"column":null}}]},"29":{"loc":{"start":{"line":137,"column":4},"end":{"line":139,"column":45}},"type":"binary-expr","locations":[{"start":{"line":137,"column":4},"end":{"line":137,"column":11}},{"start":{"line":138,"column":4},"end":{"line":138,"column":34}},{"start":{"line":139,"column":4},"end":{"line":139,"column":45}}]},"30":{"loc":{"start":{"line":146,"column":2},"end":{"line":152,"column":null}},"type":"if","locations":[{"start":{"line":146,"column":2},"end":{"line":152,"column":null}}]},"31":{"loc":{"start":{"line":147,"column":4},"end":{"line":149,"column":48}},"type":"binary-expr","locations":[{"start":{"line":147,"column":4},"end":{"line":147,"column":11}},{"start":{"line":148,"column":4},"end":{"line":148,"column":37}},{"start":{"line":149,"column":4},"end":{"line":149,"column":48}}]},"32":{"loc":{"start":{"line":157,"column":18},"end":{"line":157,"column":58}},"type":"binary-expr","locations":[{"start":{"line":157,"column":18},"end":{"line":157,"column":30}},{"start":{"line":157,"column":34},"end":{"line":157,"column":58}}]}},"s":{"0":2,"1":2,"2":2,"3":2,"4":3,"5":0,"6":0,"7":0,"8":0,"9":3,"10":3,"11":0,"12":3,"13":3,"14":3,"15":0,"16":3,"17":3,"18":0,"19":3,"20":3,"21":0,"22":3,"23":3,"24":3,"25":3,"26":3,"27":0,"28":0,"29":3,"30":3,"31":0,"32":3,"33":3,"34":0,"35":3,"36":3,"37":3,"38":3,"39":3,"40":3,"41":0,"42":3,"43":3,"44":0,"45":3,"46":3,"47":0,"48":3,"49":3,"50":0,"51":3,"52":3},"f":{"0":3,"1":0},"b":{"0":[0],"1":[0],"2":[0,0,0],"3":[3,3,3],"4":[0],"5":[3,0],"6":[0],"7":[3,3,0],"8":[0],"9":[3,3,0],"10":[0],"11":[3,3,3],"12":[3],"13":[3,3,3],"14":[3,0],"15":[3,3],"16":[3,3,1],"17":[0],"18":[3,2],"19":[3,3,3],"20":[0],"21":[3,0],"22":[3],"23":[3,3,3],"24":[0],"25":[3,3,3],"26":[0],"27":[3,3,3],"28":[0],"29":[3,3,3],"30":[0],"31":[3,3,3],"32":[3,0]}}
,"/Users/roie-schwaber-cohen/dev/aserto-node/lib/processParams.ts": {"path":"/Users/roie-schwaber-cohen/dev/aserto-node/lib/processParams.ts","statementMap":{"0":{"start":{"line":4,"column":0},"end":{"line":4,"column":28}},"1":{"start":{"line":6,"column":0},"end":{"line":44,"column":2}},"2":{"start":{"line":13,"column":2},"end":{"line":15,"column":null}},"3":{"start":{"line":14,"column":4},"end":{"line":14,"column":29}},"4":{"start":{"line":18,"column":2},"end":{"line":32,"column":null}},"5":{"start":{"line":19,"column":16},"end":{"line":19,"column":30}},"6":{"start":{"line":21,"column":4},"end":{"line":25,"column":null}},"7":{"start":{"line":22,"column":6},"end":{"line":24,"column":null}},"8":{"start":{"line":23,"column":8},"end":{"line":23,"column":53}},"9":{"start":{"line":27,"column":4},"end":{"line":27,"column":38}},"10":{"start":{"line":29,"column":4},"end":{"line":29,"column":42}},"11":{"start":{"line":31,"column":4},"end":{"line":31,"column":45}},"12":{"start":{"line":35,"column":17},"end":{"line":35,"column":48}},"13":{"start":{"line":38,"column":26},"end":{"line":38,"column":43}},"14":{"start":{"line":40,"column":2},"end":{"line":43,"column":4}}},"fnMap":{"0":{"name":"(anonymous_0)","decl":{"start":{"line":6,"column":15},"end":{"line":6,"column":null}},"loc":{"start":{"line":11,"column":4},"end":{"line":44,"column":1}}}},"branchMap":{"0":{"loc":{"start":{"line":13,"column":2},"end":{"line":15,"column":null}},"type":"if","locations":[{"start":{"line":13,"column":2},"end":{"line":15,"column":null}}]},"1":{"loc":{"start":{"line":18,"column":2},"end":{"line":32,"column":null}},"type":"if","locations":[{"start":{"line":18,"column":2},"end":{"line":32,"column":null}}]},"2":{"loc":{"start":{"line":21,"column":4},"end":{"line":25,"column":null}},"type":"if","locations":[{"start":{"line":21,"column":4},"end":{"line":25,"column":null}}]},"3":{"loc":{"start":{"line":38,"column":26},"end":{"line":38,"column":43}},"type":"binary-expr","locations":[{"start":{"line":38,"column":26},"end":{"line":38,"column":37}},{"start":{"line":38,"column":41},"end":{"line":38,"column":43}}]}},"s":{"0":2,"1":2,"2":3,"3":2,"4":3,"5":2,"6":2,"7":2,"8":1,"9":2,"10":2,"11":2,"12":3,"13":3,"14":3},"f":{"0":3},"b":{"0":[2],"1":[2],"2":[2],"3":[3,0]}}
,"/Users/roie-schwaber-cohen/dev/aserto-node/lib/ssl.ts": {"path":"/Users/roie-schwaber-cohen/dev/aserto-node/lib/ssl.ts","statementMap":{"0":{"start":{"line":1,"column":0},"end":{"line":1,"column":34}},"1":{"start":{"line":2,"column":0},"end":{"line":2,"column":64}},"2":{"start":{"line":4,"column":62},"end":{"line":7,"column":1}},"3":{"start":{"line":5,"column":20},"end":{"line":5,"column":36}},"4":{"start":{"line":6,"column":2},"end":{"line":6,"column":42}},"5":{"start":{"line":9,"column":9},"end":{"line":9,"column":26}}},"fnMap":{"0":{"name":"(anonymous_0)","decl":{"start":{"line":4,"column":62},"end":{"line":4,"column":63}},"loc":{"start":{"line":4,"column":69},"end":{"line":7,"column":1}}}},"branchMap":{},"s":{"0":2,"1":2,"2":2,"3":3,"4":3,"5":2},"f":{"0":3},"b":{}}
}
