TN:
SF:lib/identityContext.ts
FN:11,(anonymous_0)
FNF:1
FNH:1
FNDA:3,(anonymous_0)
DA:3,2
DA:6,2
DA:9,2
DA:11,2
DA:12,3
DA:15,3
DA:18,3
DA:19,3
DA:21,3
DA:22,3
DA:23,3
DA:28,3
DA:34,3
DA:37,0
DA:38,0
DA:41,0
DA:43,0
DA:44,0
DA:47,0
DA:52,3
DA:53,0
DA:54,0
DA:57,3
LF:23
LH:15
BRDA:18,0,0,3
BRDA:18,0,1,0
BRDA:22,1,0,3
BRDA:22,1,1,3
BRDA:29,2,0,3
BRDA:29,2,1,0
BRDA:41,3,0,0
BRDA:41,3,1,0
BRDA:52,4,0,0
BRF:9
BRH:4
end_of_record
TN:
SF:lib/is.ts
FN:20,(anonymous_1)
FN:27,(anonymous_2)
FN:79,(anonymous_3)
FNF:3
FNH:3
FNDA:2,(anonymous_1)
FNDA:2,(anonymous_2)
FNDA:2,(anonymous_3)
DA:2,1
DA:6,1
DA:7,1
DA:8,1
DA:12,1
DA:14,1
DA:16,1
DA:17,1
DA:18,1
DA:20,1
DA:27,2
DA:28,2
DA:29,2
DA:30,2
DA:31,0
DA:34,2
DA:35,0
DA:45,2
DA:48,2
DA:55,2
DA:56,2
DA:58,2
DA:60,2
DA:62,2
DA:63,2
DA:64,2
DA:65,2
DA:67,2
DA:68,2
DA:70,2
DA:71,2
DA:73,2
DA:74,2
DA:76,2
DA:80,2
DA:81,0
DA:82,0
DA:83,0
DA:86,2
DA:87,0
DA:88,0
DA:91,2
DA:92,2
DA:94,2
DA:98,0
DA:99,0
DA:104,1
LF:47
LH:38
BRDA:30,0,0,0
BRDA:34,1,0,0
BRDA:56,2,0,2
BRDA:56,2,1,0
BRDA:58,3,0,2
BRDA:58,3,1,0
BRDA:64,4,0,2
BRDA:64,4,1,0
BRDA:80,5,0,0
BRDA:86,6,0,0
BRDA:92,7,0,2
BRDA:92,7,1,2
BRDA:92,7,2,2
BRDA:92,8,0,0
BRDA:92,8,1,2
BRDA:92,9,0,2
BRDA:92,9,1,2
BRF:17
BRH:9
end_of_record
TN:
SF:lib/jwtAuthz.ts
FN:20,(anonymous_8)
FN:25,(anonymous_9)
FN:25,(anonymous_10)
FN:52,(anonymous_11)
FN:72,(anonymous_12)
FN:72,(anonymous_13)
FN:73,(anonymous_14)
FN:99,(anonymous_15)
FNF:8
FNH:7
FNDA:1,(anonymous_8)
FNDA:1,(anonymous_9)
FNDA:1,(anonymous_10)
FNDA:0,(anonymous_11)
FNDA:1,(anonymous_12)
FNDA:1,(anonymous_13)
FNDA:1,(anonymous_14)
FNDA:1,(anonymous_15)
DA:2,1
DA:6,1
DA:7,1
DA:8,1
DA:12,1
DA:14,1
DA:16,1
DA:17,1
DA:18,1
DA:20,1
DA:25,1
DA:26,1
DA:27,1
DA:28,0
DA:30,1
DA:31,0
DA:42,1
DA:45,1
DA:52,1
DA:56,0
DA:57,0
DA:63,0
DA:65,0
DA:69,0
DA:72,1
DA:73,1
DA:74,1
DA:75,1
DA:76,1
DA:78,1
DA:80,1
DA:81,1
DA:82,1
DA:84,1
DA:85,1
DA:86,1
DA:88,1
DA:90,1
DA:91,1
DA:93,1
DA:94,1
DA:96,1
DA:100,1
DA:101,0
DA:102,0
DA:103,0
DA:106,1
DA:107,0
DA:108,0
DA:111,1
DA:113,1
DA:117,1
DA:121,0
DA:124,0
DA:129,1
DA:130,1
DA:131,1
DA:136,1
LF:58
LH:44
BRDA:27,0,0,0
BRDA:30,1,0,0
BRDA:54,2,0,0
BRDA:56,3,0,0
BRDA:76,4,0,1
BRDA:76,4,1,0
BRDA:78,5,0,1
BRDA:78,5,1,0
BRDA:85,6,0,1
BRDA:85,6,1,1
BRDA:100,7,0,0
BRDA:106,8,0,0
BRDA:113,9,0,1
BRDA:113,9,1,1
BRDA:113,9,2,1
BRDA:115,10,0,0
BRDA:115,10,1,1
BRDA:115,11,0,1
BRDA:115,11,1,1
BRDA:130,12,0,1
BRDA:131,13,0,1
BRDA:131,13,1,0
BRF:22
BRH:12
end_of_record
TN:
SF:lib/log.ts
FN:9,(anonymous_0)
FNF:1
FNH:1
FNDA:2,(anonymous_0)
DA:1,2
DA:3,2
DA:9,2
DA:10,2
DA:11,2
DA:13,0
DA:17,2
DA:19,2
DA:23,2
LF:9
LH:8
BRDA:1,0,0,2
BRDA:1,0,1,2
BRDA:9,1,0,2
BRDA:11,2,0,0
BRDA:11,2,1,2
BRDA:17,3,0,2
BRF:6
BRH:5
end_of_record
TN:
SF:lib/processOptions.ts
FN:10,(anonymous_0)
FN:16,(anonymous_1)
FNF:2
FNH:1
FNDA:3,(anonymous_0)
FNDA:0,(anonymous_1)
DA:3,2
DA:7,2
DA:8,2
DA:10,2
DA:16,3
DA:20,0
DA:21,0
DA:27,0
DA:28,0
DA:33,3
DA:36,3
DA:37,0
DA:39,3
DA:42,3
DA:43,3
DA:48,0
DA:52,3
DA:53,3
DA:54,0
DA:58,3
DA:59,3
DA:64,0
DA:69,3
DA:70,3
DA:75,3
DA:79,3
DA:80,3
DA:82,0
DA:83,0
DA:88,3
DA:89,3
DA:90,0
DA:95,3
DA:97,3
DA:98,0
DA:102,3
DA:103,3
DA:108,3
DA:112,3
DA:115,3
DA:116,3
DA:121,0
DA:125,3
DA:126,3
DA:131,0
DA:135,3
DA:136,3
DA:141,0
DA:145,3
DA:146,3
DA:151,0
DA:157,3
DA:159,3
LF:53
LH:37
BRDA:18,0,0,0
BRDA:20,1,0,0
BRDA:20,2,0,0
BRDA:20,2,1,0
BRDA:20,2,2,0
BRDA:33,3,0,3
BRDA:33,3,1,3
BRDA:33,3,2,3
BRDA:36,4,0,0
BRDA:36,5,0,3
BRDA:36,5,1,0
BRDA:43,6,0,0
BRDA:44,7,0,3
BRDA:44,7,1,3
BRDA:44,7,2,0
BRDA:53,8,0,0
BRDA:53,9,0,3
BRDA:53,9,1,3
BRDA:53,9,2,0
BRDA:59,10,0,0
BRDA:60,11,0,3
BRDA:60,11,1,3
BRDA:60,11,2,3
BRDA:70,12,0,3
BRDA:71,13,0,3
BRDA:71,13,1,3
BRDA:71,13,2,3
BRDA:79,14,0,3
BRDA:79,14,1,0
BRDA:79,15,0,3
BRDA:79,15,1,3
BRDA:88,16,0,3
BRDA:88,16,1,3
BRDA:88,16,2,1
BRDA:89,17,0,0
BRDA:89,18,0,3
BRDA:89,18,1,2
BRDA:95,19,0,3
BRDA:95,19,1,3
BRDA:95,19,2,3
BRDA:97,20,0,0
BRDA:97,21,0,3
BRDA:97,21,1,0
BRDA:103,22,0,3
BRDA:104,23,0,3
BRDA:104,23,1,3
BRDA:104,23,2,3
BRDA:116,24,0,0
BRDA:117,25,0,3
BRDA:117,25,1,3
BRDA:117,25,2,3
BRDA:126,26,0,0
BRDA:127,27,0,3
BRDA:127,27,1,3
BRDA:127,27,2,3
BRDA:136,28,0,0
BRDA:137,29,0,3
BRDA:137,29,1,3
BRDA:137,29,2,3
BRDA:146,30,0,0
BRDA:147,31,0,3
BRDA:147,31,1,3
BRDA:147,31,2,3
BRDA:157,32,0,3
BRDA:157,32,1,0
BRF:65
BRH:44
end_of_record
TN:
SF:lib/processParams.ts
FN:6,(anonymous_0)
FNF:1
FNH:1
FNDA:3,(anonymous_0)
DA:4,2
DA:6,2
DA:13,3
DA:14,2
DA:18,3
DA:19,2
DA:21,2
DA:22,2
DA:23,1
DA:27,2
DA:29,2
DA:31,2
DA:35,3
DA:38,3
DA:40,3
LF:15
LH:15
BRDA:13,0,0,2
BRDA:18,1,0,2
BRDA:21,2,0,2
BRDA:38,3,0,3
BRDA:38,3,1,0
BRF:5
BRH:4
end_of_record
TN:
SF:lib/ssl.ts
FN:4,(anonymous_0)
FNF:1
FNH:1
FNDA:3,(anonymous_0)
DA:1,2
DA:2,2
DA:4,2
DA:5,3
DA:6,3
DA:9,2
LF:6
LH:6
BRF:0
BRH:0
end_of_record
